<?xml version="1.0" encoding="UTF-8"?>
<!-- Generated by org.testng.reporters.JUnitReportReporter -->
<testsuite hostname="DESKTOP-3GSOFRD" failures="0" tests="3" name="testCase.SubCategoryTest" time="27.333" errors="0" timestamp="2024-10-18T17:54:15 IST" skipped="0">
  <testcase classname="testCase.SubCategoryTest" name="verifyEditSubCategory" time="9.092"/>
  <testcase classname="testCase.SubCategoryTest" name="verifyDeleteSubCatgory" time="9.843"/>
  <testcase classname="testCase.SubCategoryTest" name="verifyNewSubCategory" time="8.398"/>
</testsuite> <!-- testCase.SubCategoryTest -->
