<?xml version="1.0" encoding="UTF-8"?>
<!-- Generated by org.testng.reporters.JUnitReportReporter -->
<testsuite hostname="DESKTOP-3GSOFRD" failures="0" tests="4" name="testCase.LoginPageTest" time="25.715" errors="0" timestamp="2024-10-21T12:10:55 IST" skipped="0">
  <testcase classname="testCase.LoginPageTest" name="verifyLoginWithInvalidData" time="6.404"/>
  <testcase classname="testCase.LoginPageTest" name="verifyLoginWithInvalidData" time="6.734"/>
  <testcase classname="testCase.LoginPageTest" name="verifyLoginWithInvalidData" time="5.963"/>
  <testcase classname="testCase.LoginPageTest" name="verifyLoginWithValidData" time="6.614"/>
</testsuite> <!-- testCase.LoginPageTest -->
