<?xml version="1.0" encoding="UTF-8"?>
<!-- Generated by org.testng.reporters.JUnitReportReporter -->
<testsuite hostname="DESKTOP-3GSOFRD" failures="0" tests="1" name="testCase.ManageContactPageTest" time="9.778" errors="0" timestamp="2024-10-29T23:07:46 IST" skipped="0">
  <testcase classname="testCase.ManageContactPageTest" name="editContactDetails" time="9.778"/>
</testsuite> <!-- testCase.ManageContactPageTest -->
