<?xml version="1.0" encoding="UTF-8"?>
<!-- Generated by org.testng.reporters.JUnitReportReporter -->
<testsuite hostname="DESKTOP-3GSOFRD" failures="0" tests="2" name="testCase.CategoryPageTest" time="10.296" errors="0" timestamp="2024-10-24T23:30:47 IST" skipped="1">
  <testcase classname="testCase.CategoryPageTest" name="checkForStatus" time="10.296"/>
  <testcase classname="testCase.CategoryPageTest" name="EditNewCategory">
    <skipped/>
  </testcase> <!-- EditNewCategory -->
</testsuite> <!-- testCase.CategoryPageTest -->
