<?xml version="1.0" encoding="UTF-8"?>
<!-- Generated by org.testng.reporters.JUnitReportReporter -->
<testsuite hostname="DESKTOP-3GSOFRD" failures="0" tests="1" name="testCase.SubCategoryTest" time="8.702" errors="0" timestamp="2024-10-18T17:22:09 IST" skipped="0">
  <testcase classname="testCase.SubCategoryTest" name="verifyNewSubCategory" time="8.702"/>
</testsuite> <!-- testCase.SubCategoryTest -->
