<?xml version="1.0" encoding="UTF-8"?>
<!-- Generated by org.testng.reporters.JUnitReportReporter -->
<testsuite hostname="DESKTOP-3GSOFRD" failures="0" tests="4" name="testCase.LoginPageTest" time="55.707" errors="0" timestamp="2024-10-30T12:02:07 IST" skipped="2">
  <testcase classname="testCase.LoginPageTest" name="verifyLoginWithValidData" time="21.143"/>
  <testcase classname="testCase.LoginPageTest" name="verifyLoginWithValidData" time="34.564"/>
  <testcase classname="testCase.LoginPageTest" name="verifyLoginWithInvalidData">
    <skipped/>
  </testcase> <!-- verifyLoginWithInvalidData -->
  <testcase classname="testCase.LoginPageTest" name="verifyLoginWithInvalidData">
    <skipped/>
  </testcase> <!-- verifyLoginWithInvalidData -->
</testsuite> <!-- testCase.LoginPageTest -->
