<?xml version="1.0" encoding="UTF-8"?>
<!-- Generated by org.testng.reporters.JUnitReportReporter -->
<testsuite hostname="DESKTOP-3GSOFRD" failures="0" tests="4" name="testCase.LoginPageTest" time="32.775" errors="0" timestamp="2024-10-21T15:05:01 IST" skipped="0">
  <testcase classname="testCase.LoginPageTest" name="verifyLoginWithInvalidData" time="6.702"/>
  <testcase classname="testCase.LoginPageTest" name="verifyLoginWithInvalidData" time="9.618"/>
  <testcase classname="testCase.LoginPageTest" name="verifyLoginWithValidData" time="7.677"/>
  <testcase classname="testCase.LoginPageTest" name="verifyLoginWithInvalidData" time="8.778"/>
</testsuite> <!-- testCase.LoginPageTest -->
