<?xml version="1.0" encoding="UTF-8"?>
<!-- Generated by org.testng.reporters.JUnitReportReporter -->
<testsuite hostname="DESKTOP-3GSOFRD" failures="0" tests="3" name="testCase.ManageNewsPageTest" time="26.619" errors="0" timestamp="2024-10-22T19:35:44 IST" skipped="0">
  <testcase classname="testCase.ManageNewsPageTest" name="addNewsInformation" time="8.808"/>
  <testcase classname="testCase.ManageNewsPageTest" name="deleteNewsInformation" time="8.252"/>
  <testcase classname="testCase.ManageNewsPageTest" name="editNewsInformation" time="9.559"/>
</testsuite> <!-- testCase.ManageNewsPageTest -->
