<?xml version="1.0" encoding="UTF-8"?>
<!-- Generated by org.testng.reporters.JUnitReportReporter -->
<testsuite hostname="DESKTOP-3GSOFRD" failures="0" tests="2" name="testCase.CategoryPageTest" time="14.019" errors="0" timestamp="2024-10-30T00:03:19 IST" skipped="1">
  <testcase classname="testCase.CategoryPageTest" name="EditNewCategory" time="14.019"/>
  <testcase classname="testCase.CategoryPageTest" name="checkForStatus">
    <skipped/>
  </testcase> <!-- checkForStatus -->
</testsuite> <!-- testCase.CategoryPageTest -->
