<?xml version="1.0" encoding="UTF-8"?>
<!-- Generated by org.testng.reporters.JUnitReportReporter -->
<testsuite hostname="DESKTOP-3GSOFRD" failures="0" tests="2" name="testCase.SubCategoryTest" time="61.738" errors="0" timestamp="2024-10-30T12:02:07 IST" skipped="0">
  <testcase classname="testCase.SubCategoryTest" name="verifyNewSubCategory" time="23.303"/>
  <testcase classname="testCase.SubCategoryTest" name="verifyNewSubCategory" time="38.435"/>
</testsuite> <!-- testCase.SubCategoryTest -->
