<?xml version="1.0" encoding="UTF-8"?>
<!-- Generated by org.testng.reporters.JUnitReportReporter -->
<testsuite hostname="DESKTOP-3GSOFRD" failures="0" tests="3" name="testCase.ManageNewsPageTest" time="24.117" errors="0" timestamp="2024-10-22T19:17:45 IST" skipped="0">
  <testcase classname="testCase.ManageNewsPageTest" name="deleteNewsInformation" time="7.842"/>
  <testcase classname="testCase.ManageNewsPageTest" name="editNewsInformation" time="8.284"/>
  <testcase classname="testCase.ManageNewsPageTest" name="addNewsInformation" time="7.991"/>
</testsuite> <!-- testCase.ManageNewsPageTest -->
