<?xml version="1.0" encoding="UTF-8"?>
<!-- Generated by org.testng.reporters.JUnitReportReporter -->
<testsuite hostname="DESKTOP-3GSOFRD" failures="0" tests="3" name="testCase.ManageNewsPageTest" time="24.356" errors="0" timestamp="2024-10-29T23:43:38 IST" skipped="0">
  <testcase classname="testCase.ManageNewsPageTest" name="deleteNewsInformation" time="7.762"/>
  <testcase classname="testCase.ManageNewsPageTest" name="editNewsInformation" time="8.054"/>
  <testcase classname="testCase.ManageNewsPageTest" name="addNewsInformation" time="8.540"/>
</testsuite> <!-- testCase.ManageNewsPageTest -->
